Determining if the pthread_create exist failed with the following output:
Change Dir: /home/liubin/Workspace/Cpp/openni2_sketchs/02_PCL_Basic/build/CMakeFiles/CMakeTmp

Run Build Command:"/usr/bin/make" "cmTC_bf2c0/fast"
/usr/bin/make -f CMakeFiles/cmTC_bf2c0.dir/build.make CMakeFiles/cmTC_bf2c0.dir/build
make[1]: Entering directory '/home/liubin/Workspace/Cpp/openni2_sketchs/02_PCL_Basic/build/CMakeFiles/CMakeTmp'
Building C object CMakeFiles/cmTC_bf2c0.dir/CheckSymbolExists.c.o
/usr/bin/cc     -o CMakeFiles/cmTC_bf2c0.dir/CheckSymbolExists.c.o   -c /home/liubin/Workspace/Cpp/openni2_sketchs/02_PCL_Basic/build/CMakeFiles/CMakeTmp/CheckSymbolExists.c
Linking C executable cmTC_bf2c0
/usr/bin/cmake -E cmake_link_script CMakeFiles/cmTC_bf2c0.dir/link.txt --verbose=1
/usr/bin/cc       CMakeFiles/cmTC_bf2c0.dir/CheckSymbolExists.c.o  -o cmTC_bf2c0 -rdynamic 
CMakeFiles/cmTC_bf2c0.dir/CheckSymbolExists.c.o: In function `main':
CheckSymbolExists.c:(.text+0x16): undefined reference to `pthread_create'
collect2: error: ld returned 1 exit status
CMakeFiles/cmTC_bf2c0.dir/build.make:97: recipe for target 'cmTC_bf2c0' failed
make[1]: *** [cmTC_bf2c0] Error 1
make[1]: Leaving directory '/home/liubin/Workspace/Cpp/openni2_sketchs/02_PCL_Basic/build/CMakeFiles/CMakeTmp'
Makefile:126: recipe for target 'cmTC_bf2c0/fast' failed
make: *** [cmTC_bf2c0/fast] Error 2

File /home/liubin/Workspace/Cpp/openni2_sketchs/02_PCL_Basic/build/CMakeFiles/CMakeTmp/CheckSymbolExists.c:
/* */
#include <pthread.h>

int main(int argc, char** argv)
{
  (void)argv;
#ifndef pthread_create
  return ((int*)(&pthread_create))[argc];
#else
  (void)argc;
  return 0;
#endif
}

Determining if the function pthread_create exists in the pthreads failed with the following output:
Change Dir: /home/liubin/Workspace/Cpp/openni2_sketchs/02_PCL_Basic/build/CMakeFiles/CMakeTmp

Run Build Command:"/usr/bin/make" "cmTC_9b0f8/fast"
/usr/bin/make -f CMakeFiles/cmTC_9b0f8.dir/build.make CMakeFiles/cmTC_9b0f8.dir/build
make[1]: Entering directory '/home/liubin/Workspace/Cpp/openni2_sketchs/02_PCL_Basic/build/CMakeFiles/CMakeTmp'
Building C object CMakeFiles/cmTC_9b0f8.dir/CheckFunctionExists.c.o
/usr/bin/cc    -DCHECK_FUNCTION_EXISTS=pthread_create   -o CMakeFiles/cmTC_9b0f8.dir/CheckFunctionExists.c.o   -c /usr/share/cmake-3.5/Modules/CheckFunctionExists.c
Linking C executable cmTC_9b0f8
/usr/bin/cmake -E cmake_link_script CMakeFiles/cmTC_9b0f8.dir/link.txt --verbose=1
/usr/bin/cc   -DCHECK_FUNCTION_EXISTS=pthread_create    CMakeFiles/cmTC_9b0f8.dir/CheckFunctionExists.c.o  -o cmTC_9b0f8 -rdynamic -lpthreads 
/usr/bin/ld: cannot find -lpthreads
collect2: error: ld returned 1 exit status
CMakeFiles/cmTC_9b0f8.dir/build.make:97: recipe for target 'cmTC_9b0f8' failed
make[1]: *** [cmTC_9b0f8] Error 1
make[1]: Leaving directory '/home/liubin/Workspace/Cpp/openni2_sketchs/02_PCL_Basic/build/CMakeFiles/CMakeTmp'
Makefile:126: recipe for target 'cmTC_9b0f8/fast' failed
make: *** [cmTC_9b0f8/fast] Error 2


